|--- feature_13 <= 0.17
|   |--- feature_13 <= 0.12
|   |   |--- feature_8 <= 0.07
|   |   |   |--- class: 2
|   |   |--- feature_8 >  0.07
|   |   |   |--- feature_13 <= 0.08
|   |   |   |   |--- feature_4 <= 4.75
|   |   |   |   |   |--- feature_1 <= 1636604992.00
|   |   |   |   |   |   |--- feature_8 <= 2.12
|   |   |   |   |   |   |   |--- class: 4
|   |   |   |   |   |   |--- feature_8 >  2.12
|   |   |   |   |   |   |   |--- feature_5 <= 8.76
|   |   |   |   |   |   |   |   |--- class: 2
|   |   |   |   |   |   |   |--- feature_5 >  8.76
|   |   |   |   |   |   |   |   |--- class: 4
|   |   |   |   |   |--- feature_1 >  1636604992.00
|   |   |   |   |   |   |--- class: 4
|   |   |   |   |--- feature_4 >  4.75
|   |   |   |   |   |--- class: 4
|   |   |   |--- feature_13 >  0.08
|   |   |   |   |--- feature_10 <= 7.50
|   |   |   |   |   |--- feature_20 <= 128.00
|   |   |   |   |   |   |--- feature_27 <= 67.40
|   |   |   |   |   |   |   |--- feature_31 <= 11.00
|   |   |   |   |   |   |   |   |--- feature_15 <= 2.50
|   |   |   |   |   |   |   |   |   |--- class: 2
|   |   |   |   |   |   |   |   |--- feature_15 >  2.50
|   |   |   |   |   |   |   |   |   |--- class: 3
|   |   |   |   |   |   |   |--- feature_31 >  11.00
|   |   |   |   |   |   |   |   |--- class: 4
|   |   |   |   |   |   |--- feature_27 >  67.40
|   |   |   |   |   |   |   |--- class: 4
|   |   |   |   |   |--- feature_20 >  128.00
|   |   |   |   |   |   |--- class: 4
|   |   |   |   |--- feature_10 >  7.50
|   |   |   |   |   |--- feature_4 <= 5.50
|   |   |   |   |   |   |--- feature_12 <= 0.83
|   |   |   |   |   |   |   |--- class: 2
|   |   |   |   |   |   |--- feature_12 >  0.83
|   |   |   |   |   |   |   |--- class: 4
|   |   |   |   |   |--- feature_4 >  5.50
|   |   |   |   |   |   |--- feature_1 <= 1635323392.00
|   |   |   |   |   |   |   |--- feature_22 <= 39.00
|   |   |   |   |   |   |   |   |--- class: 2
|   |   |   |   |   |   |   |--- feature_22 >  39.00
|   |   |   |   |   |   |   |   |--- class: 4
|   |   |   |   |   |   |--- feature_1 >  1635323392.00
|   |   |   |   |   |   |   |--- feature_6 <= 1001.50
|   |   |   |   |   |   |   |   |--- feature_18 <= 56.50
|   |   |   |   |   |   |   |   |   |--- class: 2
|   |   |   |   |   |   |   |   |--- feature_18 >  56.50
|   |   |   |   |   |   |   |   |   |--- class: 4
|   |   |   |   |   |   |   |--- feature_6 >  1001.50
|   |   |   |   |   |   |   |   |--- feature_8 <= 1.19
|   |   |   |   |   |   |   |   |   |--- feature_8 <= 1.17
|   |   |   |   |   |   |   |   |   |   |--- class: 4
|   |   |   |   |   |   |   |   |   |--- feature_8 >  1.17
|   |   |   |   |   |   |   |   |   |   |--- class: 2
|   |   |   |   |   |   |   |   |--- feature_8 >  1.19
|   |   |   |   |   |   |   |   |   |--- class: 4
|   |--- feature_13 >  0.12
|   |   |--- feature_5 <= 19.02
|   |   |   |--- feature_15 <= 2.50
|   |   |   |   |--- feature_1 <= 1642680000.00
|   |   |   |   |   |--- class: 2
|   |   |   |   |--- feature_1 >  1642680000.00
|   |   |   |   |   |--- feature_1 <= 1661542208.00
|   |   |   |   |   |   |--- feature_8 <= 2.59
|   |   |   |   |   |   |   |--- class: 4
|   |   |   |   |   |   |--- feature_8 >  2.59
|   |   |   |   |   |   |   |--- feature_4 <= 12.01
|   |   |   |   |   |   |   |   |--- feature_11 <= 0.30
|   |   |   |   |   |   |   |   |   |--- class: 4
|   |   |   |   |   |   |   |   |--- feature_11 >  0.30
|   |   |   |   |   |   |   |   |   |--- class: 2
|   |   |   |   |   |   |   |--- feature_4 >  12.01
|   |   |   |   |   |   |   |   |--- class: 2
|   |   |   |   |   |--- feature_1 >  1661542208.00
|   |   |   |   |   |   |--- feature_3 <= 17.06
|   |   |   |   |   |   |   |--- class: 2
|   |   |   |   |   |   |--- feature_3 >  17.06
|   |   |   |   |   |   |   |--- class: 3
|   |   |   |--- feature_15 >  2.50
|   |   |   |   |--- feature_11 <= 0.19
|   |   |   |   |   |--- feature_1 <= 1635508800.00
|   |   |   |   |   |   |--- class: 2
|   |   |   |   |   |--- feature_1 >  1635508800.00
|   |   |   |   |   |   |--- feature_13 <= 0.16
|   |   |   |   |   |   |   |--- feature_32 <= 27.00
|   |   |   |   |   |   |   |   |--- feature_4 <= 7.90
|   |   |   |   |   |   |   |   |   |--- class: 3
|   |   |   |   |   |   |   |   |--- feature_4 >  7.90
|   |   |   |   |   |   |   |   |   |--- feature_4 <= 16.89
|   |   |   |   |   |   |   |   |   |   |--- feature_8 <= 0.88
|   |   |   |   |   |   |   |   |   |   |   |--- class: 2
|   |   |   |   |   |   |   |   |   |   |--- feature_8 >  0.88
|   |   |   |   |   |   |   |   |   |   |   |--- truncated branch of depth 6
|   |   |   |   |   |   |   |   |   |--- feature_4 >  16.89
|   |   |   |   |   |   |   |   |   |   |--- class: 3
|   |   |   |   |   |   |   |--- feature_32 >  27.00
|   |   |   |   |   |   |   |   |--- feature_1 <= 1656550784.00
|   |   |   |   |   |   |   |   |   |--- class: 4
|   |   |   |   |   |   |   |   |--- feature_1 >  1656550784.00
|   |   |   |   |   |   |   |   |   |--- class: 2
|   |   |   |   |   |   |--- feature_13 >  0.16
|   |   |   |   |   |   |   |--- feature_1 <= 1649280576.00
|   |   |   |   |   |   |   |   |--- class: 2
|   |   |   |   |   |   |   |--- feature_1 >  1649280576.00
|   |   |   |   |   |   |   |   |--- feature_10 <= 88.00
|   |   |   |   |   |   |   |   |   |--- class: 2
|   |   |   |   |   |   |   |   |--- feature_10 >  88.00
|   |   |   |   |   |   |   |   |   |--- class: 4
|   |   |   |   |--- feature_11 >  0.19
|   |   |   |   |   |--- feature_1 <= 1634560192.00
|   |   |   |   |   |   |--- class: 2
|   |   |   |   |   |--- feature_1 >  1634560192.00
|   |   |   |   |   |   |--- feature_31 <= 1.50
|   |   |   |   |   |   |   |--- feature_18 <= 2.00
|   |   |   |   |   |   |   |   |--- feature_6 <= 1023.00
|   |   |   |   |   |   |   |   |   |--- class: 3
|   |   |   |   |   |   |   |   |--- feature_6 >  1023.00
|   |   |   |   |   |   |   |   |   |--- class: 2
|   |   |   |   |   |   |   |--- feature_18 >  2.00
|   |   |   |   |   |   |   |   |--- feature_2 <= 15.87
|   |   |   |   |   |   |   |   |   |--- class: 4
|   |   |   |   |   |   |   |   |--- feature_2 >  15.87
|   |   |   |   |   |   |   |   |   |--- class: 2
|   |   |   |   |   |   |--- feature_31 >  1.50
|   |   |   |   |   |   |   |--- class: 4
|   |   |--- feature_5 >  19.02
|   |   |   |--- feature_13 <= 0.14
|   |   |   |   |--- feature_2 <= 17.90
|   |   |   |   |   |--- feature_13 <= 0.13
|   |   |   |   |   |   |--- class: 4
|   |   |   |   |   |--- feature_13 >  0.13
|   |   |   |   |   |   |--- class: 2
|   |   |   |   |--- feature_2 >  17.90
|   |   |   |   |   |--- feature_20 <= 106.50
|   |   |   |   |   |   |--- feature_11 <= 0.15
|   |   |   |   |   |   |   |--- class: 3
|   |   |   |   |   |   |--- feature_11 >  0.15
|   |   |   |   |   |   |   |--- feature_26 <= 14.80
|   |   |   |   |   |   |   |   |--- class: 4
|   |   |   |   |   |   |   |--- feature_26 >  14.80
|   |   |   |   |   |   |   |   |--- class: 2
|   |   |   |   |   |--- feature_20 >  106.50
|   |   |   |   |   |   |--- feature_5 <= 31.08
|   |   |   |   |   |   |   |--- class: 4
|   |   |   |   |   |   |--- feature_5 >  31.08
|   |   |   |   |   |   |   |--- feature_25 <= 144.95
|   |   |   |   |   |   |   |   |--- class: 4
|   |   |   |   |   |   |   |--- feature_25 >  144.95
|   |   |   |   |   |   |   |   |--- class: 2
|   |   |   |--- feature_13 >  0.14
|   |   |   |   |--- feature_10 <= 69.00
|   |   |   |   |   |--- feature_26 <= 162.20
|   |   |   |   |   |   |--- feature_23 <= 591.45
|   |   |   |   |   |   |   |--- class: 2
|   |   |   |   |   |   |--- feature_23 >  591.45
|   |   |   |   |   |   |   |--- feature_27 <= 43.80
|   |   |   |   |   |   |   |   |--- class: 3
|   |   |   |   |   |   |   |--- feature_27 >  43.80
|   |   |   |   |   |   |   |   |--- class: 4
|   |   |   |   |   |--- feature_26 >  162.20
|   |   |   |   |   |   |--- feature_18 <= 30.50
|   |   |   |   |   |   |   |--- class: 3
|   |   |   |   |   |   |--- feature_18 >  30.50
|   |   |   |   |   |   |   |--- feature_13 <= 0.15
|   |   |   |   |   |   |   |   |--- class: 2
|   |   |   |   |   |   |   |--- feature_13 >  0.15
|   |   |   |   |   |   |   |   |--- class: 3
|   |   |   |   |--- feature_10 >  69.00
|   |   |   |   |   |--- feature_29 <= 926.30
|   |   |   |   |   |   |--- feature_22 <= 54.50
|   |   |   |   |   |   |   |--- class: 2
|   |   |   |   |   |   |--- feature_22 >  54.50
|   |   |   |   |   |   |   |--- feature_5 <= 19.85
|   |   |   |   |   |   |   |   |--- feature_2 <= 19.01
|   |   |   |   |   |   |   |   |   |--- class: 4
|   |   |   |   |   |   |   |   |--- feature_2 >  19.01
|   |   |   |   |   |   |   |   |   |--- class: 2
|   |   |   |   |   |   |   |--- feature_5 >  19.85
|   |   |   |   |   |   |   |   |--- class: 4
|   |   |   |   |   |--- feature_29 >  926.30
|   |   |   |   |   |   |--- class: 3
|--- feature_13 >  0.17
|   |--- feature_11 <= 0.00
|   |   |--- feature_26 <= 531.65
|   |   |   |--- feature_25 <= 432.55
|   |   |   |   |--- feature_0 <= 8.50
|   |   |   |   |   |--- feature_12 <= 0.04
|   |   |   |   |   |   |--- feature_27 <= 143.65
|   |   |   |   |   |   |   |--- feature_17 <= 8.00
|   |   |   |   |   |   |   |   |--- class: 3
|   |   |   |   |   |   |   |--- feature_17 >  8.00
|   |   |   |   |   |   |   |   |--- feature_32 <= 24.00
|   |   |   |   |   |   |   |   |   |--- class: 3
|   |   |   |   |   |   |   |   |--- feature_32 >  24.00
|   |   |   |   |   |   |   |   |   |--- class: 1
|   |   |   |   |   |   |--- feature_27 >  143.65
|   |   |   |   |   |   |   |--- class: 1
|   |   |   |   |   |--- feature_12 >  0.04
|   |   |   |   |   |   |--- feature_8 <= 2.68
|   |   |   |   |   |   |   |--- feature_32 <= 24.00
|   |   |   |   |   |   |   |   |--- class: 4
|   |   |   |   |   |   |   |--- feature_32 >  24.00
|   |   |   |   |   |   |   |   |--- class: 2
|   |   |   |   |   |   |--- feature_8 >  2.68
|   |   |   |   |   |   |   |--- class: 2
|   |   |   |   |--- feature_0 >  8.50
|   |   |   |   |   |--- feature_21 <= 63.50
|   |   |   |   |   |   |--- feature_27 <= 40.30
|   |   |   |   |   |   |   |--- class: 1
|   |   |   |   |   |   |--- feature_27 >  40.30
|   |   |   |   |   |   |   |--- feature_16 <= 41.50
|   |   |   |   |   |   |   |   |--- feature_1 <= 1668895168.00
|   |   |   |   |   |   |   |   |   |--- feature_13 <= 0.24
|   |   |   |   |   |   |   |   |   |   |--- class: 1
|   |   |   |   |   |   |   |   |   |--- feature_13 >  0.24
|   |   |   |   |   |   |   |   |   |   |--- feature_31 <= 11.50
|   |   |   |   |   |   |   |   |   |   |   |--- class: 3
|   |   |   |   |   |   |   |   |   |   |--- feature_31 >  11.50
|   |   |   |   |   |   |   |   |   |   |   |--- truncated branch of depth 2
|   |   |   |   |   |   |   |   |--- feature_1 >  1668895168.00
|   |   |   |   |   |   |   |   |   |--- feature_24 <= 160.15
|   |   |   |   |   |   |   |   |   |   |--- class: 3
|   |   |   |   |   |   |   |   |   |--- feature_24 >  160.15
|   |   |   |   |   |   |   |   |   |   |--- class: 1
|   |   |   |   |   |   |   |--- feature_16 >  41.50
|   |   |   |   |   |   |   |   |--- feature_14 <= 27.00
|   |   |   |   |   |   |   |   |   |--- feature_1 <= 1649338240.00
|   |   |   |   |   |   |   |   |   |   |--- feature_19 <= 422.88
|   |   |   |   |   |   |   |   |   |   |   |--- class: 3
|   |   |   |   |   |   |   |   |   |   |--- feature_19 >  422.88
|   |   |   |   |   |   |   |   |   |   |   |--- class: 1
|   |   |   |   |   |   |   |   |   |--- feature_1 >  1649338240.00
|   |   |   |   |   |   |   |   |   |   |--- feature_24 <= 207.35
|   |   |   |   |   |   |   |   |   |   |   |--- class: 4
|   |   |   |   |   |   |   |   |   |   |--- feature_24 >  207.35
|   |   |   |   |   |   |   |   |   |   |   |--- class: 1
|   |   |   |   |   |   |   |   |--- feature_14 >  27.00
|   |   |   |   |   |   |   |   |   |--- feature_9 <= 1.25
|   |   |   |   |   |   |   |   |   |   |--- feature_3 <= 18.31
|   |   |   |   |   |   |   |   |   |   |   |--- truncated branch of depth 2
|   |   |   |   |   |   |   |   |   |   |--- feature_3 >  18.31
|   |   |   |   |   |   |   |   |   |   |   |--- class: 3
|   |   |   |   |   |   |   |   |   |--- feature_9 >  1.25
|   |   |   |   |   |   |   |   |   |   |--- feature_8 <= 5.57
|   |   |   |   |   |   |   |   |   |   |   |--- class: 1
|   |   |   |   |   |   |   |   |   |   |--- feature_8 >  5.57
|   |   |   |   |   |   |   |   |   |   |   |--- truncated branch of depth 3
|   |   |   |   |   |--- feature_21 >  63.50
|   |   |   |   |   |   |--- feature_0 <= 14.50
|   |   |   |   |   |   |   |--- feature_4 <= 14.34
|   |   |   |   |   |   |   |   |--- feature_13 <= 0.53
|   |   |   |   |   |   |   |   |   |--- feature_18 <= 27.50
|   |   |   |   |   |   |   |   |   |   |--- feature_1 <= 1636234176.00
|   |   |   |   |   |   |   |   |   |   |   |--- truncated branch of depth 2
|   |   |   |   |   |   |   |   |   |   |--- feature_1 >  1636234176.00
|   |   |   |   |   |   |   |   |   |   |   |--- truncated branch of depth 3
|   |   |   |   |   |   |   |   |   |--- feature_18 >  27.50
|   |   |   |   |   |   |   |   |   |   |--- feature_13 <= 0.31
|   |   |   |   |   |   |   |   |   |   |   |--- truncated branch of depth 3
|   |   |   |   |   |   |   |   |   |   |--- feature_13 >  0.31
|   |   |   |   |   |   |   |   |   |   |   |--- truncated branch of depth 3
|   |   |   |   |   |   |   |   |--- feature_13 >  0.53
|   |   |   |   |   |   |   |   |   |--- class: 3
|   |   |   |   |   |   |   |--- feature_4 >  14.34
|   |   |   |   |   |   |   |   |--- feature_25 <= 348.15
|   |   |   |   |   |   |   |   |   |--- feature_13 <= 0.26
|   |   |   |   |   |   |   |   |   |   |--- class: 3
|   |   |   |   |   |   |   |   |   |--- feature_13 >  0.26
|   |   |   |   |   |   |   |   |   |   |--- feature_8 <= 4.29
|   |   |   |   |   |   |   |   |   |   |   |--- truncated branch of depth 2
|   |   |   |   |   |   |   |   |   |   |--- feature_8 >  4.29
|   |   |   |   |   |   |   |   |   |   |   |--- class: 3
|   |   |   |   |   |   |   |   |--- feature_25 >  348.15
|   |   |   |   |   |   |   |   |   |--- feature_22 <= 75.00
|   |   |   |   |   |   |   |   |   |   |--- feature_28 <= 833.05
|   |   |   |   |   |   |   |   |   |   |   |--- class: 1
|   |   |   |   |   |   |   |   |   |   |--- feature_28 >  833.05
|   |   |   |   |   |   |   |   |   |   |   |--- truncated branch of depth 2
|   |   |   |   |   |   |   |   |   |--- feature_22 >  75.00
|   |   |   |   |   |   |   |   |   |   |--- feature_27 <= 168.60
|   |   |   |   |   |   |   |   |   |   |   |--- truncated branch of depth 3
|   |   |   |   |   |   |   |   |   |   |--- feature_27 >  168.60
|   |   |   |   |   |   |   |   |   |   |   |--- truncated branch of depth 7
|   |   |   |   |   |   |--- feature_0 >  14.50
|   |   |   |   |   |   |   |--- feature_29 <= 601.10
|   |   |   |   |   |   |   |   |--- feature_1 <= 1664036992.00
|   |   |   |   |   |   |   |   |   |--- feature_7 <= 72.00
|   |   |   |   |   |   |   |   |   |   |--- feature_4 <= 24.41
|   |   |   |   |   |   |   |   |   |   |   |--- class: 3
|   |   |   |   |   |   |   |   |   |   |--- feature_4 >  24.41
|   |   |   |   |   |   |   |   |   |   |   |--- class: 1
|   |   |   |   |   |   |   |   |   |--- feature_7 >  72.00
|   |   |   |   |   |   |   |   |   |   |--- class: 1
|   |   |   |   |   |   |   |   |--- feature_1 >  1664036992.00
|   |   |   |   |   |   |   |   |   |--- feature_25 <= 319.50
|   |   |   |   |   |   |   |   |   |   |--- feature_17 <= 14.00
|   |   |   |   |   |   |   |   |   |   |   |--- class: 3
|   |   |   |   |   |   |   |   |   |   |--- feature_17 >  14.00
|   |   |   |   |   |   |   |   |   |   |   |--- class: 1
|   |   |   |   |   |   |   |   |   |--- feature_25 >  319.50
|   |   |   |   |   |   |   |   |   |   |--- class: 1
|   |   |   |   |   |   |   |--- feature_29 >  601.10
|   |   |   |   |   |   |   |   |--- feature_27 <= 185.85
|   |   |   |   |   |   |   |   |   |--- feature_10 <= 2.50
|   |   |   |   |   |   |   |   |   |   |--- feature_7 <= 47.50
|   |   |   |   |   |   |   |   |   |   |   |--- class: 1
|   |   |   |   |   |   |   |   |   |   |--- feature_7 >  47.50
|   |   |   |   |   |   |   |   |   |   |   |--- class: 3
|   |   |   |   |   |   |   |   |   |--- feature_10 >  2.50
|   |   |   |   |   |   |   |   |   |   |--- feature_8 <= 4.92
|   |   |   |   |   |   |   |   |   |   |   |--- class: 1
|   |   |   |   |   |   |   |   |   |   |--- feature_8 >  4.92
|   |   |   |   |   |   |   |   |   |   |   |--- truncated branch of depth 2
|   |   |   |   |   |   |   |   |--- feature_27 >  185.85
|   |   |   |   |   |   |   |   |   |--- feature_25 <= 403.60
|   |   |   |   |   |   |   |   |   |   |--- class: 3
|   |   |   |   |   |   |   |   |   |--- feature_25 >  403.60
|   |   |   |   |   |   |   |   |   |   |--- class: 1
|   |   |   |--- feature_25 >  432.55
|   |   |   |   |--- feature_0 <= 16.50
|   |   |   |   |   |--- feature_0 <= 15.50
|   |   |   |   |   |   |--- feature_0 <= 9.50
|   |   |   |   |   |   |   |--- feature_0 <= 8.50
|   |   |   |   |   |   |   |   |--- feature_3 <= 21.44
|   |   |   |   |   |   |   |   |   |--- class: 1
|   |   |   |   |   |   |   |   |--- feature_3 >  21.44
|   |   |   |   |   |   |   |   |   |--- class: 3
|   |   |   |   |   |   |   |--- feature_0 >  8.50
|   |   |   |   |   |   |   |   |--- feature_7 <= 79.50
|   |   |   |   |   |   |   |   |   |--- feature_17 <= 21.50
|   |   |   |   |   |   |   |   |   |   |--- class: 1
|   |   |   |   |   |   |   |   |   |--- feature_17 >  21.50
|   |   |   |   |   |   |   |   |   |   |--- class: 3
|   |   |   |   |   |   |   |   |--- feature_7 >  79.50
|   |   |   |   |   |   |   |   |   |--- feature_27 <= 118.85
|   |   |   |   |   |   |   |   |   |   |--- class: 3
|   |   |   |   |   |   |   |   |   |--- feature_27 >  118.85
|   |   |   |   |   |   |   |   |   |   |--- feature_1 <= 1658221184.00
|   |   |   |   |   |   |   |   |   |   |   |--- class: 1
|   |   |   |   |   |   |   |   |   |   |--- feature_1 >  1658221184.00
|   |   |   |   |   |   |   |   |   |   |   |--- class: 3
|   |   |   |   |   |   |--- feature_0 >  9.50
|   |   |   |   |   |   |   |--- feature_13 <= 0.39
|   |   |   |   |   |   |   |   |--- feature_25 <= 513.70
|   |   |   |   |   |   |   |   |   |--- feature_0 <= 12.50
|   |   |   |   |   |   |   |   |   |   |--- feature_27 <= 78.70
|   |   |   |   |   |   |   |   |   |   |   |--- truncated branch of depth 4
|   |   |   |   |   |   |   |   |   |   |--- feature_27 >  78.70
|   |   |   |   |   |   |   |   |   |   |   |--- truncated branch of depth 6
|   |   |   |   |   |   |   |   |   |--- feature_0 >  12.50
|   |   |   |   |   |   |   |   |   |   |--- feature_7 <= 74.00
|   |   |   |   |   |   |   |   |   |   |   |--- truncated branch of depth 5
|   |   |   |   |   |   |   |   |   |   |--- feature_7 >  74.00
|   |   |   |   |   |   |   |   |   |   |   |--- truncated branch of depth 2
|   |   |   |   |   |   |   |   |--- feature_25 >  513.70
|   |   |   |   |   |   |   |   |   |--- feature_7 <= 70.50
|   |   |   |   |   |   |   |   |   |   |--- feature_7 <= 42.50
|   |   |   |   |   |   |   |   |   |   |   |--- truncated branch of depth 3
|   |   |   |   |   |   |   |   |   |   |--- feature_7 >  42.50
|   |   |   |   |   |   |   |   |   |   |   |--- truncated branch of depth 11
|   |   |   |   |   |   |   |   |   |--- feature_7 >  70.50
|   |   |   |   |   |   |   |   |   |   |--- feature_4 <= 12.44
|   |   |   |   |   |   |   |   |   |   |   |--- class: 3
|   |   |   |   |   |   |   |   |   |   |--- feature_4 >  12.44
|   |   |   |   |   |   |   |   |   |   |   |--- truncated branch of depth 4
|   |   |   |   |   |   |   |--- feature_13 >  0.39
|   |   |   |   |   |   |   |   |--- feature_25 <= 456.90
|   |   |   |   |   |   |   |   |   |--- class: 3
|   |   |   |   |   |   |   |   |--- feature_25 >  456.90
|   |   |   |   |   |   |   |   |   |--- feature_13 <= 0.68
|   |   |   |   |   |   |   |   |   |   |--- feature_17 <= 86.00
|   |   |   |   |   |   |   |   |   |   |   |--- truncated branch of depth 3
|   |   |   |   |   |   |   |   |   |   |--- feature_17 >  86.00
|   |   |   |   |   |   |   |   |   |   |   |--- class: 4
|   |   |   |   |   |   |   |   |   |--- feature_13 >  0.68
|   |   |   |   |   |   |   |   |   |   |--- class: 3
|   |   |   |   |   |--- feature_0 >  15.50
|   |   |   |   |   |   |--- feature_29 <= 922.10
|   |   |   |   |   |   |   |--- class: 1
|   |   |   |   |   |   |--- feature_29 >  922.10
|   |   |   |   |   |   |   |--- class: 5
|   |   |   |   |--- feature_0 >  16.50
|   |   |   |   |   |--- feature_13 <= 0.27
|   |   |   |   |   |   |--- feature_10 <= 56.00
|   |   |   |   |   |   |   |--- class: 1
|   |   |   |   |   |   |--- feature_10 >  56.00
|   |   |   |   |   |   |   |--- class: 3
|   |   |   |   |   |--- feature_13 >  0.27
|   |   |   |   |   |   |--- feature_32 <= 28.50
|   |   |   |   |   |   |   |--- feature_16 <= 0.50
|   |   |   |   |   |   |   |   |--- class: 3
|   |   |   |   |   |   |   |--- feature_16 >  0.50
|   |   |   |   |   |   |   |   |--- class: 1
|   |   |   |   |   |   |--- feature_32 >  28.50
|   |   |   |   |   |   |   |--- class: 1
|   |   |--- feature_26 >  531.65
|   |   |   |--- feature_13 <= 0.43
|   |   |   |   |--- feature_0 <= 15.50
|   |   |   |   |   |--- feature_10 <= 97.50
|   |   |   |   |   |   |--- feature_25 <= 763.05
|   |   |   |   |   |   |   |--- feature_6 <= 1014.50
|   |   |   |   |   |   |   |   |--- feature_3 <= 21.61
|   |   |   |   |   |   |   |   |   |--- feature_24 <= 1013.95
|   |   |   |   |   |   |   |   |   |   |--- feature_32 <= 11.00
|   |   |   |   |   |   |   |   |   |   |   |--- class: 1
|   |   |   |   |   |   |   |   |   |   |--- feature_32 >  11.00
|   |   |   |   |   |   |   |   |   |   |   |--- class: 3
|   |   |   |   |   |   |   |   |   |--- feature_24 >  1013.95
|   |   |   |   |   |   |   |   |   |   |--- class: 5
|   |   |   |   |   |   |   |   |--- feature_3 >  21.61
|   |   |   |   |   |   |   |   |   |--- feature_2 <= 30.01
|   |   |   |   |   |   |   |   |   |   |--- feature_29 <= 924.85
|   |   |   |   |   |   |   |   |   |   |   |--- class: 5
|   |   |   |   |   |   |   |   |   |   |--- feature_29 >  924.85
|   |   |   |   |   |   |   |   |   |   |   |--- class: 1
|   |   |   |   |   |   |   |   |   |--- feature_2 >  30.01
|   |   |   |   |   |   |   |   |   |   |--- class: 5
|   |   |   |   |   |   |   |--- feature_6 >  1014.50
|   |   |   |   |   |   |   |   |--- feature_13 <= 0.35
|   |   |   |   |   |   |   |   |   |--- feature_8 <= 5.84
|   |   |   |   |   |   |   |   |   |   |--- feature_0 <= 10.50
|   |   |   |   |   |   |   |   |   |   |   |--- truncated branch of depth 5
|   |   |   |   |   |   |   |   |   |   |--- feature_0 >  10.50
|   |   |   |   |   |   |   |   |   |   |   |--- truncated branch of depth 3
|   |   |   |   |   |   |   |   |   |--- feature_8 >  5.84
|   |   |   |   |   |   |   |   |   |   |--- class: 3
|   |   |   |   |   |   |   |   |--- feature_13 >  0.35
|   |   |   |   |   |   |   |   |   |--- feature_13 <= 0.38
|   |   |   |   |   |   |   |   |   |   |--- feature_16 <= 8.50
|   |   |   |   |   |   |   |   |   |   |   |--- class: 1
|   |   |   |   |   |   |   |   |   |   |--- feature_16 >  8.50
|   |   |   |   |   |   |   |   |   |   |   |--- class: 5
|   |   |   |   |   |   |   |   |   |--- feature_13 >  0.38
|   |   |   |   |   |   |   |   |   |   |--- feature_4 <= 21.82
|   |   |   |   |   |   |   |   |   |   |   |--- class: 5
|   |   |   |   |   |   |   |   |   |   |--- feature_4 >  21.82
|   |   |   |   |   |   |   |   |   |   |   |--- class: 1
|   |   |   |   |   |   |--- feature_25 >  763.05
|   |   |   |   |   |   |   |--- feature_1 <= 1661607040.00
|   |   |   |   |   |   |   |   |--- feature_7 <= 74.50
|   |   |   |   |   |   |   |   |   |--- feature_8 <= 6.59
|   |   |   |   |   |   |   |   |   |   |--- feature_27 <= 96.10
|   |   |   |   |   |   |   |   |   |   |   |--- truncated branch of depth 2
|   |   |   |   |   |   |   |   |   |   |--- feature_27 >  96.10
|   |   |   |   |   |   |   |   |   |   |   |--- truncated branch of depth 6
|   |   |   |   |   |   |   |   |   |--- feature_8 >  6.59
|   |   |   |   |   |   |   |   |   |   |--- class: 1
|   |   |   |   |   |   |   |   |--- feature_7 >  74.50
|   |   |   |   |   |   |   |   |   |--- feature_14 <= 0.50
|   |   |   |   |   |   |   |   |   |   |--- class: 3
|   |   |   |   |   |   |   |   |   |--- feature_14 >  0.50
|   |   |   |   |   |   |   |   |   |   |--- class: 5
|   |   |   |   |   |   |   |--- feature_1 >  1661607040.00
|   |   |   |   |   |   |   |   |--- feature_26 <= 681.40
|   |   |   |   |   |   |   |   |   |--- class: 5
|   |   |   |   |   |   |   |   |--- feature_26 >  681.40
|   |   |   |   |   |   |   |   |   |--- class: 1
|   |   |   |   |   |--- feature_10 >  97.50
|   |   |   |   |   |   |--- feature_18 <= 99.50
|   |   |   |   |   |   |   |--- class: 1
|   |   |   |   |   |   |--- feature_18 >  99.50
|   |   |   |   |   |   |   |--- feature_28 <= 790.70
|   |   |   |   |   |   |   |   |--- class: 1
|   |   |   |   |   |   |   |--- feature_28 >  790.70
|   |   |   |   |   |   |   |   |--- class: 5
|   |   |   |   |--- feature_0 >  15.50
|   |   |   |   |   |--- class: 1
|   |   |   |--- feature_13 >  0.43
|   |   |   |   |--- feature_13 <= 0.88
|   |   |   |   |   |--- feature_29 <= 1170.65
|   |   |   |   |   |   |--- feature_8 <= 1.06
|   |   |   |   |   |   |   |--- class: 5
|   |   |   |   |   |   |--- feature_8 >  1.06
|   |   |   |   |   |   |   |--- class: 1
|   |   |   |   |   |--- feature_29 >  1170.65
|   |   |   |   |   |   |--- feature_13 <= 0.52
|   |   |   |   |   |   |   |--- feature_29 <= 1194.20
|   |   |   |   |   |   |   |   |--- class: 5
|   |   |   |   |   |   |   |--- feature_29 >  1194.20
|   |   |   |   |   |   |   |   |--- feature_28 <= 878.20
|   |   |   |   |   |   |   |   |   |--- class: 1
|   |   |   |   |   |   |   |   |--- feature_28 >  878.20
|   |   |   |   |   |   |   |   |   |--- class: 5
|   |   |   |   |   |   |--- feature_13 >  0.52
|   |   |   |   |   |   |   |--- class: 1
|   |   |   |   |--- feature_13 >  0.88
|   |   |   |   |   |--- class: 3
|   |--- feature_11 >  0.00
|   |   |--- feature_11 <= 0.09
|   |   |   |--- feature_25 <= 414.15
|   |   |   |   |--- feature_28 <= 105.30
|   |   |   |   |   |--- feature_18 <= 16.50
|   |   |   |   |   |   |--- feature_22 <= 243.50
|   |   |   |   |   |   |   |--- feature_7 <= 94.50
|   |   |   |   |   |   |   |   |--- feature_28 <= 95.40
|   |   |   |   |   |   |   |   |   |--- feature_3 <= 20.84
|   |   |   |   |   |   |   |   |   |   |--- feature_8 <= 0.80
|   |   |   |   |   |   |   |   |   |   |   |--- class: 2
|   |   |   |   |   |   |   |   |   |   |--- feature_8 >  0.80
|   |   |   |   |   |   |   |   |   |   |   |--- truncated branch of depth 3
|   |   |   |   |   |   |   |   |   |--- feature_3 >  20.84
|   |   |   |   |   |   |   |   |   |   |--- class: 4
|   |   |   |   |   |   |   |   |--- feature_28 >  95.40
|   |   |   |   |   |   |   |   |   |--- feature_27 <= 148.00
|   |   |   |   |   |   |   |   |   |   |--- class: 1
|   |   |   |   |   |   |   |   |   |--- feature_27 >  148.00
|   |   |   |   |   |   |   |   |   |   |--- class: 2
|   |   |   |   |   |   |   |--- feature_7 >  94.50
|   |   |   |   |   |   |   |   |--- class: 4
|   |   |   |   |   |   |--- feature_22 >  243.50
|   |   |   |   |   |   |   |--- feature_29 <= 1140.00
|   |   |   |   |   |   |   |   |--- class: 2
|   |   |   |   |   |   |   |--- feature_29 >  1140.00
|   |   |   |   |   |   |   |   |--- class: 1
|   |   |   |   |   |--- feature_18 >  16.50
|   |   |   |   |   |   |--- feature_0 <= 10.50
|   |   |   |   |   |   |   |--- feature_25 <= 137.10
|   |   |   |   |   |   |   |   |--- feature_2 <= 8.56
|   |   |   |   |   |   |   |   |   |--- class: 2
|   |   |   |   |   |   |   |   |--- feature_2 >  8.56
|   |   |   |   |   |   |   |   |   |--- class: 3
|   |   |   |   |   |   |   |--- feature_25 >  137.10
|   |   |   |   |   |   |   |   |--- feature_9 <= 0.14
|   |   |   |   |   |   |   |   |   |--- feature_23 <= 24.60
|   |   |   |   |   |   |   |   |   |   |--- feature_31 <= 7.00
|   |   |   |   |   |   |   |   |   |   |   |--- class: 3
|   |   |   |   |   |   |   |   |   |   |--- feature_31 >  7.00
|   |   |   |   |   |   |   |   |   |   |   |--- class: 1
|   |   |   |   |   |   |   |   |   |--- feature_23 >  24.60
|   |   |   |   |   |   |   |   |   |   |--- feature_27 <= 277.00
|   |   |   |   |   |   |   |   |   |   |   |--- class: 2
|   |   |   |   |   |   |   |   |   |   |--- feature_27 >  277.00
|   |   |   |   |   |   |   |   |   |   |   |--- class: 4
|   |   |   |   |   |   |   |   |--- feature_9 >  0.14
|   |   |   |   |   |   |   |   |   |--- class: 3
|   |   |   |   |   |   |--- feature_0 >  10.50
|   |   |   |   |   |   |   |--- feature_22 <= 199.50
|   |   |   |   |   |   |   |   |--- feature_8 <= 5.14
|   |   |   |   |   |   |   |   |   |--- feature_13 <= 0.19
|   |   |   |   |   |   |   |   |   |   |--- class: 3
|   |   |   |   |   |   |   |   |   |--- feature_13 >  0.19
|   |   |   |   |   |   |   |   |   |   |--- class: 2
|   |   |   |   |   |   |   |   |--- feature_8 >  5.14
|   |   |   |   |   |   |   |   |   |--- feature_9 <= 0.08
|   |   |   |   |   |   |   |   |   |   |--- class: 4
|   |   |   |   |   |   |   |   |   |--- feature_9 >  0.08
|   |   |   |   |   |   |   |   |   |   |--- feature_8 <= 5.61
|   |   |   |   |   |   |   |   |   |   |   |--- class: 3
|   |   |   |   |   |   |   |   |   |   |--- feature_8 >  5.61
|   |   |   |   |   |   |   |   |   |   |   |--- class: 2
|   |   |   |   |   |   |   |--- feature_22 >  199.50
|   |   |   |   |   |   |   |   |--- feature_13 <= 0.30
|   |   |   |   |   |   |   |   |   |--- feature_10 <= 98.00
|   |   |   |   |   |   |   |   |   |   |--- class: 3
|   |   |   |   |   |   |   |   |   |--- feature_10 >  98.00
|   |   |   |   |   |   |   |   |   |   |--- feature_3 <= 12.45
|   |   |   |   |   |   |   |   |   |   |   |--- truncated branch of depth 2
|   |   |   |   |   |   |   |   |   |   |--- feature_3 >  12.45
|   |   |   |   |   |   |   |   |   |   |   |--- class: 2
|   |   |   |   |   |   |   |   |--- feature_13 >  0.30
|   |   |   |   |   |   |   |   |   |--- class: 1
|   |   |   |   |--- feature_28 >  105.30
|   |   |   |   |   |--- feature_1 <= 1640775616.00
|   |   |   |   |   |   |--- feature_26 <= 266.30
|   |   |   |   |   |   |   |--- feature_32 <= 18.50
|   |   |   |   |   |   |   |   |--- feature_29 <= 561.70
|   |   |   |   |   |   |   |   |   |--- feature_28 <= 776.35
|   |   |   |   |   |   |   |   |   |   |--- feature_11 <= 0.02
|   |   |   |   |   |   |   |   |   |   |   |--- truncated branch of depth 3
|   |   |   |   |   |   |   |   |   |   |--- feature_11 >  0.02
|   |   |   |   |   |   |   |   |   |   |   |--- class: 3
|   |   |   |   |   |   |   |   |   |--- feature_28 >  776.35
|   |   |   |   |   |   |   |   |   |   |--- class: 4
|   |   |   |   |   |   |   |   |--- feature_29 >  561.70
|   |   |   |   |   |   |   |   |   |--- feature_23 <= 366.20
|   |   |   |   |   |   |   |   |   |   |--- class: 3
|   |   |   |   |   |   |   |   |   |--- feature_23 >  366.20
|   |   |   |   |   |   |   |   |   |   |--- feature_15 <= 28.00
|   |   |   |   |   |   |   |   |   |   |   |--- truncated branch of depth 2
|   |   |   |   |   |   |   |   |   |   |--- feature_15 >  28.00
|   |   |   |   |   |   |   |   |   |   |   |--- class: 1
|   |   |   |   |   |   |   |--- feature_32 >  18.50
|   |   |   |   |   |   |   |   |--- feature_26 <= 131.20
|   |   |   |   |   |   |   |   |   |--- class: 2
|   |   |   |   |   |   |   |   |--- feature_26 >  131.20
|   |   |   |   |   |   |   |   |   |--- feature_23 <= 641.75
|   |   |   |   |   |   |   |   |   |   |--- class: 3
|   |   |   |   |   |   |   |   |   |--- feature_23 >  641.75
|   |   |   |   |   |   |   |   |   |   |--- class: 2
|   |   |   |   |   |   |--- feature_26 >  266.30
|   |   |   |   |   |   |   |--- feature_13 <= 0.38
|   |   |   |   |   |   |   |   |--- feature_23 <= 784.00
|   |   |   |   |   |   |   |   |   |--- class: 1
|   |   |   |   |   |   |   |   |--- feature_23 >  784.00
|   |   |   |   |   |   |   |   |   |--- class: 3
|   |   |   |   |   |   |   |--- feature_13 >  0.38
|   |   |   |   |   |   |   |   |--- feature_7 <= 66.00
|   |   |   |   |   |   |   |   |   |--- class: 4
|   |   |   |   |   |   |   |   |--- feature_7 >  66.00
|   |   |   |   |   |   |   |   |   |--- class: 3
|   |   |   |   |   |--- feature_1 >  1640775616.00
|   |   |   |   |   |   |--- feature_9 <= 0.74
|   |   |   |   |   |   |   |--- feature_11 <= 0.07
|   |   |   |   |   |   |   |   |--- feature_8 <= 0.73
|   |   |   |   |   |   |   |   |   |--- feature_20 <= 307.00
|   |   |   |   |   |   |   |   |   |   |--- class: 2
|   |   |   |   |   |   |   |   |   |--- feature_20 >  307.00
|   |   |   |   |   |   |   |   |   |   |--- class: 3
|   |   |   |   |   |   |   |   |--- feature_8 >  0.73
|   |   |   |   |   |   |   |   |   |--- feature_7 <= 93.50
|   |   |   |   |   |   |   |   |   |   |--- feature_29 <= 669.70
|   |   |   |   |   |   |   |   |   |   |   |--- truncated branch of depth 6
|   |   |   |   |   |   |   |   |   |   |--- feature_29 >  669.70
|   |   |   |   |   |   |   |   |   |   |   |--- truncated branch of depth 5
|   |   |   |   |   |   |   |   |   |--- feature_7 >  93.50
|   |   |   |   |   |   |   |   |   |   |--- feature_8 <= 2.91
|   |   |   |   |   |   |   |   |   |   |   |--- truncated branch of depth 4
|   |   |   |   |   |   |   |   |   |   |--- feature_8 >  2.91
|   |   |   |   |   |   |   |   |   |   |   |--- class: 3
|   |   |   |   |   |   |   |--- feature_11 >  0.07
|   |   |   |   |   |   |   |   |--- feature_10 <= 99.50
|   |   |   |   |   |   |   |   |   |--- feature_5 <= 13.22
|   |   |   |   |   |   |   |   |   |   |--- feature_19 <= 2669.22
|   |   |   |   |   |   |   |   |   |   |   |--- truncated branch of depth 2
|   |   |   |   |   |   |   |   |   |   |--- feature_19 >  2669.22
|   |   |   |   |   |   |   |   |   |   |   |--- class: 4
|   |   |   |   |   |   |   |   |   |--- feature_5 >  13.22
|   |   |   |   |   |   |   |   |   |   |--- feature_28 <= 650.50
|   |   |   |   |   |   |   |   |   |   |   |--- truncated branch of depth 3
|   |   |   |   |   |   |   |   |   |   |--- feature_28 >  650.50
|   |   |   |   |   |   |   |   |   |   |   |--- truncated branch of depth 3
|   |   |   |   |   |   |   |   |--- feature_10 >  99.50
|   |   |   |   |   |   |   |   |   |--- class: 2
|   |   |   |   |   |   |--- feature_9 >  0.74
|   |   |   |   |   |   |   |--- feature_8 <= 4.80
|   |   |   |   |   |   |   |   |--- feature_10 <= 98.50
|   |   |   |   |   |   |   |   |   |--- class: 3
|   |   |   |   |   |   |   |   |--- feature_10 >  98.50
|   |   |   |   |   |   |   |   |   |--- class: 2
|   |   |   |   |   |   |   |--- feature_8 >  4.80
|   |   |   |   |   |   |   |   |--- feature_21 <= 205.00
|   |   |   |   |   |   |   |   |   |--- class: 4
|   |   |   |   |   |   |   |   |--- feature_21 >  205.00
|   |   |   |   |   |   |   |   |   |--- class: 2
|   |   |   |--- feature_25 >  414.15
|   |   |   |   |--- feature_1 <= 1644755456.00
|   |   |   |   |   |--- feature_26 <= 408.65
|   |   |   |   |   |   |--- feature_8 <= 1.45
|   |   |   |   |   |   |   |--- feature_11 <= 0.03
|   |   |   |   |   |   |   |   |--- feature_29 <= 701.95
|   |   |   |   |   |   |   |   |   |--- class: 1
|   |   |   |   |   |   |   |   |--- feature_29 >  701.95
|   |   |   |   |   |   |   |   |   |--- class: 3
|   |   |   |   |   |   |   |--- feature_11 >  0.03
|   |   |   |   |   |   |   |   |--- class: 3
|   |   |   |   |   |   |--- feature_8 >  1.45
|   |   |   |   |   |   |   |--- class: 1
|   |   |   |   |   |--- feature_26 >  408.65
|   |   |   |   |   |   |--- feature_3 <= 24.65
|   |   |   |   |   |   |   |--- feature_10 <= 90.00
|   |   |   |   |   |   |   |   |--- class: 5
|   |   |   |   |   |   |   |--- feature_10 >  90.00
|   |   |   |   |   |   |   |   |--- class: 1
|   |   |   |   |   |   |--- feature_3 >  24.65
|   |   |   |   |   |   |   |--- feature_22 <= 88.50
|   |   |   |   |   |   |   |   |--- class: 5
|   |   |   |   |   |   |   |--- feature_22 >  88.50
|   |   |   |   |   |   |   |   |--- class: 1
|   |   |   |   |--- feature_1 >  1644755456.00
|   |   |   |   |   |--- feature_23 <= 833.55
|   |   |   |   |   |   |--- feature_29 <= 717.55
|   |   |   |   |   |   |   |--- class: 3
|   |   |   |   |   |   |--- feature_29 >  717.55
|   |   |   |   |   |   |   |--- feature_7 <= 61.50
|   |   |   |   |   |   |   |   |--- feature_20 <= 588.00
|   |   |   |   |   |   |   |   |   |--- feature_1 <= 1648090816.00
|   |   |   |   |   |   |   |   |   |   |--- feature_1 <= 1647217856.00
|   |   |   |   |   |   |   |   |   |   |   |--- truncated branch of depth 2
|   |   |   |   |   |   |   |   |   |   |--- feature_1 >  1647217856.00
|   |   |   |   |   |   |   |   |   |   |   |--- class: 1
|   |   |   |   |   |   |   |   |   |--- feature_1 >  1648090816.00
|   |   |   |   |   |   |   |   |   |   |--- class: 3
|   |   |   |   |   |   |   |   |--- feature_20 >  588.00
|   |   |   |   |   |   |   |   |   |--- feature_13 <= 0.49
|   |   |   |   |   |   |   |   |   |   |--- feature_24 <= 1119.90
|   |   |   |   |   |   |   |   |   |   |   |--- truncated branch of depth 3
|   |   |   |   |   |   |   |   |   |   |--- feature_24 >  1119.90
|   |   |   |   |   |   |   |   |   |   |   |--- class: 3
|   |   |   |   |   |   |   |   |   |--- feature_13 >  0.49
|   |   |   |   |   |   |   |   |   |   |--- class: 1
|   |   |   |   |   |   |   |--- feature_7 >  61.50
|   |   |   |   |   |   |   |   |--- feature_29 <= 767.35
|   |   |   |   |   |   |   |   |   |--- feature_4 <= 13.08
|   |   |   |   |   |   |   |   |   |   |--- class: 2
|   |   |   |   |   |   |   |   |   |--- feature_4 >  13.08
|   |   |   |   |   |   |   |   |   |   |--- feature_24 <= 751.55
|   |   |   |   |   |   |   |   |   |   |   |--- class: 1
|   |   |   |   |   |   |   |   |   |   |--- feature_24 >  751.55
|   |   |   |   |   |   |   |   |   |   |   |--- class: 3
|   |   |   |   |   |   |   |   |--- feature_29 >  767.35
|   |   |   |   |   |   |   |   |   |--- feature_32 <= 28.50
|   |   |   |   |   |   |   |   |   |   |--- feature_17 <= 94.50
|   |   |   |   |   |   |   |   |   |   |   |--- truncated branch of depth 6
|   |   |   |   |   |   |   |   |   |   |--- feature_17 >  94.50
|   |   |   |   |   |   |   |   |   |   |   |--- truncated branch of depth 3
|   |   |   |   |   |   |   |   |   |--- feature_32 >  28.50
|   |   |   |   |   |   |   |   |   |   |--- feature_13 <= 0.71
|   |   |   |   |   |   |   |   |   |   |   |--- class: 1
|   |   |   |   |   |   |   |   |   |   |--- feature_13 >  0.71
|   |   |   |   |   |   |   |   |   |   |   |--- class: 3
|   |   |   |   |   |--- feature_23 >  833.55
|   |   |   |   |   |   |--- class: 1
|   |   |--- feature_11 >  0.09
|   |   |   |--- feature_13 <= 0.30
|   |   |   |   |--- feature_11 <= 0.21
|   |   |   |   |   |--- feature_22 <= 125.50
|   |   |   |   |   |   |--- feature_31 <= 5.50
|   |   |   |   |   |   |   |--- feature_4 <= 7.17
|   |   |   |   |   |   |   |   |--- feature_7 <= 87.00
|   |   |   |   |   |   |   |   |   |--- class: 4
|   |   |   |   |   |   |   |   |--- feature_7 >  87.00
|   |   |   |   |   |   |   |   |   |--- class: 3
|   |   |   |   |   |   |   |--- feature_4 >  7.17
|   |   |   |   |   |   |   |   |--- feature_10 <= 62.50
|   |   |   |   |   |   |   |   |   |--- feature_24 <= 550.60
|   |   |   |   |   |   |   |   |   |   |--- class: 2
|   |   |   |   |   |   |   |   |   |--- feature_24 >  550.60
|   |   |   |   |   |   |   |   |   |   |--- feature_24 <= 558.20
|   |   |   |   |   |   |   |   |   |   |   |--- class: 3
|   |   |   |   |   |   |   |   |   |   |--- feature_24 >  558.20
|   |   |   |   |   |   |   |   |   |   |   |--- class: 4
|   |   |   |   |   |   |   |   |--- feature_10 >  62.50
|   |   |   |   |   |   |   |   |   |--- feature_32 <= 17.50
|   |   |   |   |   |   |   |   |   |   |--- feature_8 <= 5.31
|   |   |   |   |   |   |   |   |   |   |   |--- truncated branch of depth 2
|   |   |   |   |   |   |   |   |   |   |--- feature_8 >  5.31
|   |   |   |   |   |   |   |   |   |   |   |--- class: 4
|   |   |   |   |   |   |   |   |   |--- feature_32 >  17.50
|   |   |   |   |   |   |   |   |   |   |--- class: 4
|   |   |   |   |   |   |--- feature_31 >  5.50
|   |   |   |   |   |   |   |--- feature_4 <= 20.36
|   |   |   |   |   |   |   |   |--- feature_17 <= 61.50
|   |   |   |   |   |   |   |   |   |--- feature_8 <= 1.33
|   |   |   |   |   |   |   |   |   |   |--- class: 3
|   |   |   |   |   |   |   |   |   |--- feature_8 >  1.33
|   |   |   |   |   |   |   |   |   |   |--- feature_29 <= 464.35
|   |   |   |   |   |   |   |   |   |   |   |--- truncated branch of depth 6
|   |   |   |   |   |   |   |   |   |   |--- feature_29 >  464.35
|   |   |   |   |   |   |   |   |   |   |   |--- truncated branch of depth 2
|   |   |   |   |   |   |   |   |--- feature_17 >  61.50
|   |   |   |   |   |   |   |   |   |--- feature_21 <= 63.50
|   |   |   |   |   |   |   |   |   |   |--- feature_17 <= 99.50
|   |   |   |   |   |   |   |   |   |   |   |--- truncated branch of depth 2
|   |   |   |   |   |   |   |   |   |   |--- feature_17 >  99.50
|   |   |   |   |   |   |   |   |   |   |   |--- class: 4
|   |   |   |   |   |   |   |   |   |--- feature_21 >  63.50
|   |   |   |   |   |   |   |   |   |   |--- class: 4
|   |   |   |   |   |   |   |--- feature_4 >  20.36
|   |   |   |   |   |   |   |   |--- feature_6 <= 1012.00
|   |   |   |   |   |   |   |   |   |--- class: 4
|   |   |   |   |   |   |   |   |--- feature_6 >  1012.00
|   |   |   |   |   |   |   |   |   |--- class: 2
|   |   |   |   |   |--- feature_22 >  125.50
|   |   |   |   |   |   |--- feature_14 <= 1.50
|   |   |   |   |   |   |   |--- feature_31 <= 3.00
|   |   |   |   |   |   |   |   |--- feature_10 <= 68.50
|   |   |   |   |   |   |   |   |   |--- class: 1
|   |   |   |   |   |   |   |   |--- feature_10 >  68.50
|   |   |   |   |   |   |   |   |   |--- class: 4
|   |   |   |   |   |   |   |--- feature_31 >  3.00
|   |   |   |   |   |   |   |   |--- feature_27 <= 168.90
|   |   |   |   |   |   |   |   |   |--- class: 2
|   |   |   |   |   |   |   |   |--- feature_27 >  168.90
|   |   |   |   |   |   |   |   |   |--- feature_17 <= 3.00
|   |   |   |   |   |   |   |   |   |   |--- class: 2
|   |   |   |   |   |   |   |   |   |--- feature_17 >  3.00
|   |   |   |   |   |   |   |   |   |   |--- class: 3
|   |   |   |   |   |   |--- feature_14 >  1.50
|   |   |   |   |   |   |   |--- feature_29 <= 893.95
|   |   |   |   |   |   |   |   |--- feature_11 <= 0.20
|   |   |   |   |   |   |   |   |   |--- feature_31 <= 10.50
|   |   |   |   |   |   |   |   |   |   |--- feature_1 <= 1633955392.00
|   |   |   |   |   |   |   |   |   |   |   |--- class: 2
|   |   |   |   |   |   |   |   |   |   |--- feature_1 >  1633955392.00
|   |   |   |   |   |   |   |   |   |   |   |--- truncated branch of depth 4
|   |   |   |   |   |   |   |   |   |--- feature_31 >  10.50
|   |   |   |   |   |   |   |   |   |   |--- feature_22 <= 149.50
|   |   |   |   |   |   |   |   |   |   |   |--- truncated branch of depth 3
|   |   |   |   |   |   |   |   |   |   |--- feature_22 >  149.50
|   |   |   |   |   |   |   |   |   |   |   |--- truncated branch of depth 3
|   |   |   |   |   |   |   |   |--- feature_11 >  0.20
|   |   |   |   |   |   |   |   |   |--- class: 3
|   |   |   |   |   |   |   |--- feature_29 >  893.95
|   |   |   |   |   |   |   |   |--- feature_7 <= 84.00
|   |   |   |   |   |   |   |   |   |--- feature_6 <= 1014.50
|   |   |   |   |   |   |   |   |   |   |--- class: 2
|   |   |   |   |   |   |   |   |   |--- feature_6 >  1014.50
|   |   |   |   |   |   |   |   |   |   |--- feature_6 <= 1021.50
|   |   |   |   |   |   |   |   |   |   |   |--- class: 3
|   |   |   |   |   |   |   |   |   |   |--- feature_6 >  1021.50
|   |   |   |   |   |   |   |   |   |   |   |--- class: 4
|   |   |   |   |   |   |   |   |--- feature_7 >  84.00
|   |   |   |   |   |   |   |   |   |--- class: 2
|   |   |   |   |--- feature_11 >  0.21
|   |   |   |   |   |--- feature_1 <= 1637827200.00
|   |   |   |   |   |   |--- feature_23 <= 511.05
|   |   |   |   |   |   |   |--- feature_7 <= 73.50
|   |   |   |   |   |   |   |   |--- feature_32 <= 2.00
|   |   |   |   |   |   |   |   |   |--- class: 2
|   |   |   |   |   |   |   |   |--- feature_32 >  2.00
|   |   |   |   |   |   |   |   |   |--- class: 3
|   |   |   |   |   |   |   |--- feature_7 >  73.50
|   |   |   |   |   |   |   |   |--- feature_6 <= 1022.50
|   |   |   |   |   |   |   |   |   |--- class: 2
|   |   |   |   |   |   |   |   |--- feature_6 >  1022.50
|   |   |   |   |   |   |   |   |   |--- feature_31 <= 10.50
|   |   |   |   |   |   |   |   |   |   |--- class: 4
|   |   |   |   |   |   |   |   |   |--- feature_31 >  10.50
|   |   |   |   |   |   |   |   |   |   |--- class: 3
|   |   |   |   |   |   |--- feature_23 >  511.05
|   |   |   |   |   |   |   |--- feature_8 <= 3.28
|   |   |   |   |   |   |   |   |--- class: 4
|   |   |   |   |   |   |   |--- feature_8 >  3.28
|   |   |   |   |   |   |   |   |--- class: 3
|   |   |   |   |   |--- feature_1 >  1637827200.00
|   |   |   |   |   |   |--- feature_21 <= 322.00
|   |   |   |   |   |   |   |--- feature_27 <= 170.25
|   |   |   |   |   |   |   |   |--- feature_24 <= 302.85
|   |   |   |   |   |   |   |   |   |--- feature_32 <= 27.00
|   |   |   |   |   |   |   |   |   |   |--- feature_2 <= 11.42
|   |   |   |   |   |   |   |   |   |   |   |--- truncated branch of depth 2
|   |   |   |   |   |   |   |   |   |   |--- feature_2 >  11.42
|   |   |   |   |   |   |   |   |   |   |   |--- truncated branch of depth 3
|   |   |   |   |   |   |   |   |   |--- feature_32 >  27.00
|   |   |   |   |   |   |   |   |   |   |--- class: 3
|   |   |   |   |   |   |   |   |--- feature_24 >  302.85
|   |   |   |   |   |   |   |   |   |--- feature_8 <= 0.27
|   |   |   |   |   |   |   |   |   |   |--- class: 3
|   |   |   |   |   |   |   |   |   |--- feature_8 >  0.27
|   |   |   |   |   |   |   |   |   |   |--- feature_5 <= 33.02
|   |   |   |   |   |   |   |   |   |   |   |--- truncated branch of depth 8
|   |   |   |   |   |   |   |   |   |   |--- feature_5 >  33.02
|   |   |   |   |   |   |   |   |   |   |   |--- class: 2
|   |   |   |   |   |   |   |--- feature_27 >  170.25
|   |   |   |   |   |   |   |   |--- feature_19 <= 3139.20
|   |   |   |   |   |   |   |   |   |--- feature_0 <= 13.50
|   |   |   |   |   |   |   |   |   |   |--- feature_9 <= 0.13
|   |   |   |   |   |   |   |   |   |   |   |--- class: 2
|   |   |   |   |   |   |   |   |   |   |--- feature_9 >  0.13
|   |   |   |   |   |   |   |   |   |   |   |--- class: 3
|   |   |   |   |   |   |   |   |   |--- feature_0 >  13.50
|   |   |   |   |   |   |   |   |   |   |--- feature_19 <= 1748.62
|   |   |   |   |   |   |   |   |   |   |   |--- class: 4
|   |   |   |   |   |   |   |   |   |   |--- feature_19 >  1748.62
|   |   |   |   |   |   |   |   |   |   |   |--- truncated branch of depth 2
|   |   |   |   |   |   |   |   |--- feature_19 >  3139.20
|   |   |   |   |   |   |   |   |   |--- feature_22 <= 165.00
|   |   |   |   |   |   |   |   |   |   |--- class: 3
|   |   |   |   |   |   |   |   |   |--- feature_22 >  165.00
|   |   |   |   |   |   |   |   |   |   |--- class: 4
|   |   |   |   |   |   |--- feature_21 >  322.00
|   |   |   |   |   |   |   |--- feature_17 <= 0.50
|   |   |   |   |   |   |   |   |--- feature_1 <= 1656741568.00
|   |   |   |   |   |   |   |   |   |--- feature_7 <= 55.00
|   |   |   |   |   |   |   |   |   |   |--- class: 3
|   |   |   |   |   |   |   |   |   |--- feature_7 >  55.00
|   |   |   |   |   |   |   |   |   |   |--- class: 2
|   |   |   |   |   |   |   |   |--- feature_1 >  1656741568.00
|   |   |   |   |   |   |   |   |   |--- class: 2
|   |   |   |   |   |   |   |--- feature_17 >  0.50
|   |   |   |   |   |   |   |   |--- feature_6 <= 1017.50
|   |   |   |   |   |   |   |   |   |--- class: 4
|   |   |   |   |   |   |   |   |--- feature_6 >  1017.50
|   |   |   |   |   |   |   |   |   |--- feature_25 <= 584.35
|   |   |   |   |   |   |   |   |   |   |--- class: 3
|   |   |   |   |   |   |   |   |   |--- feature_25 >  584.35
|   |   |   |   |   |   |   |   |   |   |--- class: 1
|   |   |   |--- feature_13 >  0.30
|   |   |   |   |--- feature_11 <= 0.81
|   |   |   |   |   |--- feature_23 <= 766.00
|   |   |   |   |   |   |--- feature_15 <= 44.50
|   |   |   |   |   |   |   |--- feature_0 <= 14.50
|   |   |   |   |   |   |   |   |--- feature_29 <= 1219.05
|   |   |   |   |   |   |   |   |   |--- feature_31 <= 8.00
|   |   |   |   |   |   |   |   |   |   |--- feature_22 <= 342.00
|   |   |   |   |   |   |   |   |   |   |   |--- truncated branch of depth 3
|   |   |   |   |   |   |   |   |   |   |--- feature_22 >  342.00
|   |   |   |   |   |   |   |   |   |   |   |--- class: 2
|   |   |   |   |   |   |   |   |   |--- feature_31 >  8.00
|   |   |   |   |   |   |   |   |   |   |--- feature_6 <= 1028.50
|   |   |   |   |   |   |   |   |   |   |   |--- truncated branch of depth 10
|   |   |   |   |   |   |   |   |   |   |--- feature_6 >  1028.50
|   |   |   |   |   |   |   |   |   |   |   |--- class: 1
|   |   |   |   |   |   |   |   |--- feature_29 >  1219.05
|   |   |   |   |   |   |   |   |   |--- feature_15 <= 19.50
|   |   |   |   |   |   |   |   |   |   |--- class: 5
|   |   |   |   |   |   |   |   |   |--- feature_15 >  19.50
|   |   |   |   |   |   |   |   |   |   |--- class: 4
|   |   |   |   |   |   |   |--- feature_0 >  14.50
|   |   |   |   |   |   |   |   |--- feature_5 <= 17.60
|   |   |   |   |   |   |   |   |   |--- feature_11 <= 0.22
|   |   |   |   |   |   |   |   |   |   |--- class: 2
|   |   |   |   |   |   |   |   |   |--- feature_11 >  0.22
|   |   |   |   |   |   |   |   |   |   |--- feature_1 <= 1644161408.00
|   |   |   |   |   |   |   |   |   |   |   |--- class: 4
|   |   |   |   |   |   |   |   |   |   |--- feature_1 >  1644161408.00
|   |   |   |   |   |   |   |   |   |   |   |--- class: 3
|   |   |   |   |   |   |   |   |--- feature_5 >  17.60
|   |   |   |   |   |   |   |   |   |--- feature_25 <= 398.30
|   |   |   |   |   |   |   |   |   |   |--- feature_18 <= 2.50
|   |   |   |   |   |   |   |   |   |   |   |--- truncated branch of depth 3
|   |   |   |   |   |   |   |   |   |   |--- feature_18 >  2.50
|   |   |   |   |   |   |   |   |   |   |   |--- class: 4
|   |   |   |   |   |   |   |   |   |--- feature_25 >  398.30
|   |   |   |   |   |   |   |   |   |   |--- class: 3
|   |   |   |   |   |   |--- feature_15 >  44.50
|   |   |   |   |   |   |   |--- feature_8 <= 4.47
|   |   |   |   |   |   |   |   |--- feature_26 <= 189.70
|   |   |   |   |   |   |   |   |   |--- feature_24 <= 815.65
|   |   |   |   |   |   |   |   |   |   |--- feature_21 <= 114.50
|   |   |   |   |   |   |   |   |   |   |   |--- truncated branch of depth 4
|   |   |   |   |   |   |   |   |   |   |--- feature_21 >  114.50
|   |   |   |   |   |   |   |   |   |   |   |--- truncated branch of depth 5
|   |   |   |   |   |   |   |   |   |--- feature_24 >  815.65
|   |   |   |   |   |   |   |   |   |   |--- feature_1 <= 1650324544.00
|   |   |   |   |   |   |   |   |   |   |   |--- truncated branch of depth 2
|   |   |   |   |   |   |   |   |   |   |--- feature_1 >  1650324544.00
|   |   |   |   |   |   |   |   |   |   |   |--- truncated branch of depth 3
|   |   |   |   |   |   |   |   |--- feature_26 >  189.70
|   |   |   |   |   |   |   |   |   |--- feature_29 <= 1221.95
|   |   |   |   |   |   |   |   |   |   |--- feature_32 <= 25.50
|   |   |   |   |   |   |   |   |   |   |   |--- truncated branch of depth 2
|   |   |   |   |   |   |   |   |   |   |--- feature_32 >  25.50
|   |   |   |   |   |   |   |   |   |   |   |--- truncated branch of depth 3
|   |   |   |   |   |   |   |   |   |--- feature_29 >  1221.95
|   |   |   |   |   |   |   |   |   |   |--- class: 4
|   |   |   |   |   |   |   |--- feature_8 >  4.47
|   |   |   |   |   |   |   |   |--- feature_32 <= 19.50
|   |   |   |   |   |   |   |   |   |--- feature_8 <= 6.04
|   |   |   |   |   |   |   |   |   |   |--- class: 2
|   |   |   |   |   |   |   |   |   |--- feature_8 >  6.04
|   |   |   |   |   |   |   |   |   |   |--- feature_11 <= 0.56
|   |   |   |   |   |   |   |   |   |   |   |--- class: 3
|   |   |   |   |   |   |   |   |   |   |--- feature_11 >  0.56
|   |   |   |   |   |   |   |   |   |   |   |--- class: 4
|   |   |   |   |   |   |   |   |--- feature_32 >  19.50
|   |   |   |   |   |   |   |   |   |--- feature_24 <= 593.10
|   |   |   |   |   |   |   |   |   |   |--- class: 3
|   |   |   |   |   |   |   |   |   |--- feature_24 >  593.10
|   |   |   |   |   |   |   |   |   |   |--- feature_3 <= 20.06
|   |   |   |   |   |   |   |   |   |   |   |--- class: 4
|   |   |   |   |   |   |   |   |   |   |--- feature_3 >  20.06
|   |   |   |   |   |   |   |   |   |   |   |--- class: 3
|   |   |   |   |   |--- feature_23 >  766.00
|   |   |   |   |   |   |--- feature_11 <= 0.23
|   |   |   |   |   |   |   |--- feature_13 <= 0.89
|   |   |   |   |   |   |   |   |--- feature_1 <= 1667647744.00
|   |   |   |   |   |   |   |   |   |--- feature_13 <= 0.35
|   |   |   |   |   |   |   |   |   |   |--- class: 2
|   |   |   |   |   |   |   |   |   |--- feature_13 >  0.35
|   |   |   |   |   |   |   |   |   |   |--- feature_7 <= 25.00
|   |   |   |   |   |   |   |   |   |   |   |--- class: 3
|   |   |   |   |   |   |   |   |   |   |--- feature_7 >  25.00
|   |   |   |   |   |   |   |   |   |   |   |--- truncated branch of depth 5
|   |   |   |   |   |   |   |   |--- feature_1 >  1667647744.00
|   |   |   |   |   |   |   |   |   |--- class: 3
|   |   |   |   |   |   |   |--- feature_13 >  0.89
|   |   |   |   |   |   |   |   |--- feature_27 <= 135.50
|   |   |   |   |   |   |   |   |   |--- class: 3
|   |   |   |   |   |   |   |   |--- feature_27 >  135.50
|   |   |   |   |   |   |   |   |   |--- class: 2
|   |   |   |   |   |   |--- feature_11 >  0.23
|   |   |   |   |   |   |   |--- feature_13 <= 0.65
|   |   |   |   |   |   |   |   |--- feature_10 <= 0.50
|   |   |   |   |   |   |   |   |   |--- class: 1
|   |   |   |   |   |   |   |   |--- feature_10 >  0.50
|   |   |   |   |   |   |   |   |   |--- feature_5 <= 13.72
|   |   |   |   |   |   |   |   |   |   |--- class: 1
|   |   |   |   |   |   |   |   |   |--- feature_5 >  13.72
|   |   |   |   |   |   |   |   |   |   |--- feature_11 <= 0.66
|   |   |   |   |   |   |   |   |   |   |   |--- truncated branch of depth 2
|   |   |   |   |   |   |   |   |   |   |--- feature_11 >  0.66
|   |   |   |   |   |   |   |   |   |   |   |--- truncated branch of depth 2
|   |   |   |   |   |   |   |--- feature_13 >  0.65
|   |   |   |   |   |   |   |   |--- feature_13 <= 1.04
|   |   |   |   |   |   |   |   |   |--- feature_28 <= 916.80
|   |   |   |   |   |   |   |   |   |   |--- feature_1 <= 1666746048.00
|   |   |   |   |   |   |   |   |   |   |   |--- truncated branch of depth 4
|   |   |   |   |   |   |   |   |   |   |--- feature_1 >  1666746048.00
|   |   |   |   |   |   |   |   |   |   |   |--- class: 2
|   |   |   |   |   |   |   |   |   |--- feature_28 >  916.80
|   |   |   |   |   |   |   |   |   |   |--- class: 1
|   |   |   |   |   |   |   |   |--- feature_13 >  1.04
|   |   |   |   |   |   |   |   |   |--- feature_6 <= 1016.50
|   |   |   |   |   |   |   |   |   |   |--- class: 4
|   |   |   |   |   |   |   |   |   |--- feature_6 >  1016.50
|   |   |   |   |   |   |   |   |   |   |--- feature_32 <= 8.00
|   |   |   |   |   |   |   |   |   |   |   |--- truncated branch of depth 2
|   |   |   |   |   |   |   |   |   |   |--- feature_32 >  8.00
|   |   |   |   |   |   |   |   |   |   |   |--- class: 2
|   |   |   |   |--- feature_11 >  0.81
|   |   |   |   |   |--- feature_1 <= 1636551040.00
|   |   |   |   |   |   |--- feature_10 <= 66.00
|   |   |   |   |   |   |   |--- class: 3
|   |   |   |   |   |   |--- feature_10 >  66.00
|   |   |   |   |   |   |   |--- class: 2
|   |   |   |   |   |--- feature_1 >  1636551040.00
|   |   |   |   |   |   |--- feature_11 <= 1.20
|   |   |   |   |   |   |   |--- feature_4 <= 11.09
|   |   |   |   |   |   |   |   |--- feature_13 <= 0.41
|   |   |   |   |   |   |   |   |   |--- feature_27 <= 96.00
|   |   |   |   |   |   |   |   |   |   |--- class: 2
|   |   |   |   |   |   |   |   |   |--- feature_27 >  96.00
|   |   |   |   |   |   |   |   |   |   |--- class: 4
|   |   |   |   |   |   |   |   |--- feature_13 >  0.41
|   |   |   |   |   |   |   |   |   |--- class: 3
|   |   |   |   |   |   |   |--- feature_4 >  11.09
|   |   |   |   |   |   |   |   |--- feature_9 <= 0.06
|   |   |   |   |   |   |   |   |   |--- feature_28 <= 860.75
|   |   |   |   |   |   |   |   |   |   |--- class: 4
|   |   |   |   |   |   |   |   |   |--- feature_28 >  860.75
|   |   |   |   |   |   |   |   |   |   |--- feature_32 <= 13.50
|   |   |   |   |   |   |   |   |   |   |   |--- class: 4
|   |   |   |   |   |   |   |   |   |   |--- feature_32 >  13.50
|   |   |   |   |   |   |   |   |   |   |   |--- class: 3
|   |   |   |   |   |   |   |   |--- feature_9 >  0.06
|   |   |   |   |   |   |   |   |   |--- feature_17 <= 55.00
|   |   |   |   |   |   |   |   |   |   |--- class: 3
|   |   |   |   |   |   |   |   |   |--- feature_17 >  55.00
|   |   |   |   |   |   |   |   |   |   |--- class: 4
|   |   |   |   |   |   |--- feature_11 >  1.20
|   |   |   |   |   |   |   |--- class: 4
